<?xml version="1.0" encoding="UTF-8"?>
<testng-results ignored="0" total="1" passed="1" failed="0" skipped="0">
  <reporter-output>
  </reporter-output>
  <suite started-at="2024-07-13T18:23:13 IST" name="Suite" finished-at="2024-07-13T18:24:04 IST" duration-ms="51034">
    <groups>
    </groups>
    <test started-at="2024-07-13T18:23:13 IST" name="Test" finished-at="2024-07-13T18:24:04 IST" duration-ms="51034">
      <class name="Test.Assessment.Amazontest">
        <test-method is-config="true" signature="setUp()[pri:0, instance:Test.Assessment.Amazontest@2c35e847]" started-at="2024-07-13T18:23:13 IST" name="setUp" finished-at="2024-07-13T18:23:17 IST" duration-ms="3738" status="PASS">
          <reporter-output>
          </reporter-output>
        </test-method> <!-- setUp -->
        <test-method signature="AddProductToCart()[pri:0, instance:Test.Assessment.Amazontest@2c35e847]" started-at="2024-07-13T18:23:17 IST" name="AddProductToCart" finished-at="2024-07-13T18:24:04 IST" duration-ms="46946" status="PASS">
          <reporter-output>
          </reporter-output>
        </test-method> <!-- AddProductToCart -->
        <test-method is-config="true" signature="tearDown()[pri:0, instance:Test.Assessment.Amazontest@2c35e847]" started-at="2024-07-13T18:24:04 IST" name="tearDown" finished-at="2024-07-13T18:24:04 IST" duration-ms="290" status="PASS">
          <reporter-output>
          </reporter-output>
        </test-method> <!-- tearDown -->
      </class> <!-- Test.Assessment.Amazontest -->
    </test> <!-- Test -->
  </suite> <!-- Suite -->
</testng-results>
