<?xml version="1.0" encoding="UTF-8"?>
<testng-results ignored="0" total="1" passed="1" failed="0" skipped="0">
  <reporter-output>
  </reporter-output>
  <suite started-at="2024-07-13T17:59:56 IST" name="Suite" finished-at="2024-07-13T18:00:47 IST" duration-ms="51015">
    <groups>
    </groups>
    <test started-at="2024-07-13T17:59:56 IST" name="Test" finished-at="2024-07-13T18:00:47 IST" duration-ms="51015">
      <class name="Test.Assessment.Amazontest">
        <test-method is-config="true" signature="setUp()[pri:0, instance:Test.Assessment.Amazontest@4d154ccd]" started-at="2024-07-13T17:59:56 IST" name="setUp" finished-at="2024-07-13T17:59:59 IST" duration-ms="3581" status="PASS">
          <reporter-output>
          </reporter-output>
        </test-method> <!-- setUp -->
        <test-method signature="AddProductToCart()[pri:0, instance:Test.Assessment.Amazontest@4d154ccd]" started-at="2024-07-13T17:59:59 IST" name="AddProductToCart" finished-at="2024-07-13T18:00:46 IST" duration-ms="47058" status="PASS">
          <reporter-output>
          </reporter-output>
        </test-method> <!-- AddProductToCart -->
        <test-method is-config="true" signature="tearDown()[pri:0, instance:Test.Assessment.Amazontest@4d154ccd]" started-at="2024-07-13T18:00:46 IST" name="tearDown" finished-at="2024-07-13T18:00:47 IST" duration-ms="313" status="PASS">
          <reporter-output>
          </reporter-output>
        </test-method> <!-- tearDown -->
      </class> <!-- Test.Assessment.Amazontest -->
    </test> <!-- Test -->
  </suite> <!-- Suite -->
</testng-results>
